d:\uni\pacman-team-deathmatch-master\pacman\pacman\debug\vc142.pdb
d:\uni\pacman-team-deathmatch-master\pacman\pacman\debug\vc142.idb
d:\uni\pacman-team-deathmatch-master\pacman\pacman\debug\main.obj
d:\uni\pacman-team-deathmatch-master\pacman\pacman\debug\pacman.obj
d:\desktop\pacman\pacman\pacman\debug\vc142.pdb
d:\desktop\pacman\pacman\pacman\debug\vc142.idb
d:\desktop\pacman\pacman\pacman\debug\pacman.obj
d:\desktop\pacman\pacman\pacman\debug\main.obj
d:\uni\pacman-team-deathmatch-master\pacman\debug\pacman.exe
d:\uni\pacman-team-deathmatch-master\pacman\debug\pacman.ilk
d:\uni\pacman-team-deathmatch-master\pacman\debug\pacman.pdb
d:\desktop\pacman\pacman\debug\pacman.exe
d:\desktop\pacman\pacman\debug\pacman.ilk
d:\desktop\pacman\pacman\debug\pacman.pdb
d:\desktop\pacman\pacman\pacman\debug\pacman.obj.enc
d:\desktop\pacman\pacman\pacman\debug\pacman.tlog\cl.command.1.tlog
d:\desktop\pacman\pacman\pacman\debug\pacman.tlog\cl.read.1.tlog
d:\desktop\pacman\pacman\pacman\debug\pacman.tlog\cl.write.1.tlog
d:\desktop\pacman\pacman\pacman\debug\pacman.tlog\link.command.1.tlog
d:\desktop\pacman\pacman\pacman\debug\pacman.tlog\link.read.1.tlog
d:\desktop\pacman\pacman\pacman\debug\pacman.tlog\link.write.1.tlog
